#
# A fatal error has been detected by the Java Runtime Environment:
#
#  EXCEPTION_ACCESS_VIOLATION (0xc0000005) at pc=0x00007ff8cd2f6c84, pid=15992, tid=29556
#
# JRE version: OpenJDK Runtime Environment (19.0.2+7) (build 19.0.2+7-44)
# Java VM: OpenJDK 64-Bit Server VM (19.0.2+7-44, mixed mode, sharing, tiered, compressed oops, compressed class ptrs, g1 gc, windows-amd64)
# Problematic frame:
# C  [jdwp.dll+0x26c84]
#
# No core dump will be written. Minidumps are not enabled by default on client versions of Windows
#
# If you would like to submit a bug report, please visit:
#   https://bugreport.java.com/bugreport/crash.jsp
# The crash happened outside the Java Virtual Machine in native code.
# See problematic frame for where to report the bug.
#

---------------  S U M M A R Y ------------

Command Line: -agentlib:jdwp=transport=dt_socket,address=127.0.0.1:51195,suspend=y,server=n -javaagent:C:\Users\skyeh\AppData\Local\JetBrains\IdeaIC2022.3\captureAgent\debugger-agent.jar -Dfile.encoding=UTF-8 -Dsun.stdout.encoding=UTF-8 -Dsun.stderr.encoding=UTF-8 ShadowPac

Host: Intel(R) Core(TM) i9-10900K CPU @ 3.70GHz, 20 cores, 31G,  Windows 10 , 64 bit Build 19041 (10.0.19041.2788)
Time: Sat Apr 15 13:08:09 2023 AUS Eastern Standard Time elapsed time: 0.415740 seconds (0d 0h 0m 0s)

---------------  T H R E A D  ---------------

Current thread (0x0000027f56374110):  JavaThread "main" [_thread_in_native, id=29556, stack(0x0000008a5ba00000,0x0000008a5bb00000)]

Stack: [0x0000008a5ba00000,0x0000008a5bb00000],  sp=0x0000008a5bafe428,  free space=1017k
Native frames: (J=compiled Java code, j=interpreted, Vv=VM code, C=native code)
C  [jdwp.dll+0x26c84]

Java frames: (J=compiled Java code, j=interpreted, Vv=VM code)
j  org.lwjgl.glfw.GLFW.glfwInit()Z+0
j  bagel.AbstractGame.<clinit>()V+19
v  ~StubRoutines::call_stub 0x0000027f6572100e

siginfo: EXCEPTION_ACCESS_VIOLATION (0xc0000005), reading address 0xffffffffffffffff


Registers:
RAX=0x0000027f0c64c9d0, RBX=0x0000027f0c0434b0, RCX=0x0000027f563743f0, RDX=0x0000027f0c0434b0
RSP=0x0000008a5bafe428, RBP=0x0000000000000002, RSI=0x0000008a5bafe4d0, RDI=0x0000027f563743f0
R8 =0x0000000000010002, R9 =0x0000000000000000, R10=0x00007ff8b17f0000, R11=0x0000008a5bafe3f8
R12=0x0000000000000007, R13=0x0000027f5635ef80, R14=0x00007ff8cd300300, R15=0x0000000000000000
RIP=0x00007ff8cd2f6c84, EFLAGS=0x0000000000010202


Register to memory mapping:

RIP=0x00007ff8cd2f6c84 jdwp.dll
RAX=0x0000027f0c64c9d0 points into unknown readable memory: 0x0000000000000000 | 00 00 00 00 00 00 00 00
RBX=0x0000027f0c0434b0 points into unknown readable memory: 0x000000062140a4b0 | b0 a4 40 21 06 00 00 00
RCX=0x0000027f563743f0 points into unknown readable memory: 0x0000027f0c64c9d0 | d0 c9 64 0c 7f 02 00 00
RDX=0x0000027f0c0434b0 points into unknown readable memory: 0x000000062140a4b0 | b0 a4 40 21 06 00 00 00
RSP=0x0000008a5bafe428 is pointing into the stack for thread: 0x0000027f56374110
RBP=0x0000000000000002 is an unknown value
RSI=0x0000008a5bafe4d0 is pointing into the stack for thread: 0x0000027f56374110
RDI=0x0000027f563743f0 points into unknown readable memory: 0x0000027f0c64c9d0 | d0 c9 64 0c 7f 02 00 00
R8 =0x0000000000010002 is an unknown value
R9 =0x0 is NULL
R10=0x00007ff8b17f0000 VCRUNTIME140.dll
R11=0x0000008a5bafe3f8 is pointing into the stack for thread: 0x0000027f56374110
R12=0x0000000000000007 is an unknown value
R13=0x0000027f5635ef80 points into unknown readable memory: 0x00007ff80b908ff0 | f0 8f 90 0b f8 7f 00 00
R14=0x00007ff8cd300300 jdwp.dll
R15=0x0 is NULL


Top of Stack: (sp=0x0000008a5bafe428)
0x0000008a5bafe428:   00007ff8cd2e5bd1 0000027f0c0434b0
0x0000008a5bafe438:   0000008a5bafe4d0 0000000000000000
0x0000008a5bafe448:   0000000000000000 00007ff80b8eecd0
0x0000008a5bafe458:   0000000000007374 0000027f0c0434b0
0x0000008a5bafe468:   00007ff8cd300328 0000000000000000
0x0000008a5bafe478:   00007ff8cd2e272f 0000027f0c0434b0
0x0000008a5bafe488:   0000000000000002 0000027f563743f0
0x0000008a5bafe498:   0000027f0c0434b8 000000050c2e0100
0x0000008a5bafe4a8:   00007ff80b03689f 0000000000000000
0x0000008a5bafe4b8:   00007ff80b18298f 0000008a5bafe520
0x0000008a5bafe4c8:   00007ff80b03a2c6 0000000000000007
0x0000008a5bafe4d8:   0000027f0c0434b0 0000000000000000
0x0000008a5bafe4e8:   0000027f0c0434b8 0000000000000000
0x0000008a5bafe4f8:   0000000000000000 0000000000000000
0x0000008a5bafe508:   0000000000000000 0000000000000000
0x0000008a5bafe518:   0000000000000000 0000000000000000 

Instructions: (pc=0x00007ff8cd2f6c84)
0x00007ff8cd2f6b84:   05 d7 05 01 00 48 8b 03 48 8b d7 4d 8b 40 30 48
0x00007ff8cd2f6b94:   8b cb 48 8b 5c 24 30 48 83 c4 20 5f 48 ff a0 00
0x00007ff8cd2f6ba4:   01 00 00 cc 48 89 5c 24 08 57 48 83 ec 20 48 8b
0x00007ff8cd2f6bb4:   f9 e8 f2 ea ff ff 4c 8b 05 9f 05 01 00 48 8b d8
0x00007ff8cd2f6bc4:   41 f6 80 18 02 00 00 02 74 33 41 b8 21 06 00 00
0x00007ff8cd2f6bd4:   48 8d 15 8d bf 00 00 48 8d 0d 22 58 00 00 e8 89
0x00007ff8cd2f6be4:   41 ff ff 48 8d 15 ea 95 00 00 48 8d 0d 23 58 00
0x00007ff8cd2f6bf4:   00 e8 1e 42 ff ff 4c 8b 05 5f 05 01 00 48 8b 03
0x00007ff8cd2f6c04:   48 8b d7 4d 8b 40 38 48 8b cb 48 8b 5c 24 30 48
0x00007ff8cd2f6c14:   83 c4 20 5f 48 ff a0 00 01 00 00 cc 48 89 5c 24
0x00007ff8cd2f6c24:   08 57 48 83 ec 20 48 8b f9 e8 7a ea ff ff 48 8b
0x00007ff8cd2f6c34:   15 27 05 01 00 48 8b d8 f6 82 18 02 00 00 02 74
0x00007ff8cd2f6c44:   2c 41 b8 13 06 00 00 48 8d 15 16 bf 00 00 48 8d
0x00007ff8cd2f6c54:   0d ab 57 00 00 e8 12 41 ff ff 48 8d 15 8b 68 00
0x00007ff8cd2f6c64:   00 48 8d 0d ac 57 00 00 e8 a7 41 ff ff 48 8b 03
0x00007ff8cd2f6c74:   48 8b d7 48 8b cb 48 8b 5c 24 30 48 83 c4 20 5f
0x00007ff8cd2f6c84:   48 ff a0 50 07 00 00 cc 48 89 5c 24 08 48 89 74
0x00007ff8cd2f6c94:   24 10 48 89 7c 24 18 41 56 48 83 ec 20 4c 63 f2
0x00007ff8cd2f6ca4:   49 8b d8 48 8b d1 41 8b f9 48 8b cb 4d 8d 46 ff
0x00007ff8cd2f6cb4:   ff 15 b6 55 00 00 85 c0 75 3c 41 0f be 44 1e ff
0x00007ff8cd2f6cc4:   3b c7 75 32 49 03 de eb 10 0f be c8 ff 15 8a 55
0x00007ff8cd2f6cd4:   00 00 85 c0 74 09 48 ff c3 8a 03 84 c0 75 ea 80
0x00007ff8cd2f6ce4:   3b 3b 74 12 8b d7 48 8b cb e8 a0 4a 00 00 48 85
0x00007ff8cd2f6cf4:   c0 0f 94 c0 eb 02 32 c0 48 8b 5c 24 30 48 8b 74
0x00007ff8cd2f6d04:   24 38 48 8b 7c 24 40 48 83 c4 20 41 5e c3 cc cc
0x00007ff8cd2f6d14:   0f b6 d1 83 fa 1e 0f 87 83 00 00 00 74 7b 83 fa
0x00007ff8cd2f6d24:   07 77 41 74 39 83 ea 01 74 2e 83 ea 01 74 23 83
0x00007ff8cd2f6d34:   ea 01 74 18 83 ea 01 74 0d 83 fa 02 0f 85 8a 00
0x00007ff8cd2f6d44:   00 00 8d 42 03 c3 b8 04 00 00 00 c3 b8 03 00 00
0x00007ff8cd2f6d54:   00 c3 b8 02 00 00 00 c3 b8 01 00 00 00 c3 b8 06
0x00007ff8cd2f6d64:   00 00 00 c3 b8 08 00 00 00 2b d0 74 26 83 ea 01
0x00007ff8cd2f6d74:   0f 84 88 00 00 00 83 ea 01 74 12 b8 0a 00 00 00 


Stack slot to memory mapping:
stack at sp + 0 slots: 0x00007ff8cd2e5bd1 jdwp.dll
stack at sp + 1 slots: 0x0000027f0c0434b0 points into unknown readable memory: 0x000000062140a4b0 | b0 a4 40 21 06 00 00 00
stack at sp + 2 slots: 0x0000008a5bafe4d0 is pointing into the stack for thread: 0x0000027f56374110
stack at sp + 3 slots: 0x0 is NULL
stack at sp + 4 slots: 0x0 is NULL
stack at sp + 5 slots: 0x00007ff80b8eecd0 jvm.dll
stack at sp + 6 slots: 0x0000000000007374 is an unknown value
stack at sp + 7 slots: 0x0000027f0c0434b0 points into unknown readable memory: 0x000000062140a4b0 | b0 a4 40 21 06 00 00 00


---------------  P R O C E S S  ---------------

Threads class SMR info:
_java_thread_list=0x0000027f0c3054a0, length=18, elements={
0x0000027f56374110, 0x0000027f0c050630, 0x0000027f0c051420, 0x0000027f0c052c10,
0x0000027f0c054960, 0x0000027f0c058420, 0x0000027f0c059960, 0x0000027f0c06cbe0,
0x0000027f0c097190, 0x0000027f0c057430, 0x0000027f0c058ec0, 0x0000027f0c19b610,
0x0000027f0c19e7c0, 0x0000027f0c1dc650, 0x0000027f0c21a8a0, 0x0000027f0c21adf0,
0x0000027f0c2e3a10, 0x0000027f0c057980
}

Java Threads: ( => current thread )
=>0x0000027f56374110 JavaThread "main" [_thread_in_native, id=29556, stack(0x0000008a5ba00000,0x0000008a5bb00000)]
  0x0000027f0c050630 JavaThread "Reference Handler" daemon [_thread_blocked, id=6212, stack(0x0000008a5c100000,0x0000008a5c200000)]
  0x0000027f0c051420 JavaThread "Finalizer" daemon [_thread_blocked, id=15776, stack(0x0000008a5c200000,0x0000008a5c300000)]
  0x0000027f0c052c10 JavaThread "Signal Dispatcher" daemon [_thread_blocked, id=6656, stack(0x0000008a5c300000,0x0000008a5c400000)]
  0x0000027f0c054960 JavaThread "Attach Listener" daemon [_thread_blocked, id=26248, stack(0x0000008a5c400000,0x0000008a5c500000)]
  0x0000027f0c058420 JavaThread "Service Thread" daemon [_thread_blocked, id=19016, stack(0x0000008a5c500000,0x0000008a5c600000)]
  0x0000027f0c059960 JavaThread "Monitor Deflation Thread" daemon [_thread_blocked, id=22304, stack(0x0000008a5c600000,0x0000008a5c700000)]
  0x0000027f0c06cbe0 JavaThread "C2 CompilerThread0" daemon [_thread_blocked, id=29652, stack(0x0000008a5c700000,0x0000008a5c800000)]
  0x0000027f0c097190 JavaThread "C1 CompilerThread0" daemon [_thread_blocked, id=1336, stack(0x0000008a5c800000,0x0000008a5c900000)]
  0x0000027f0c057430 JavaThread "Sweeper thread" daemon [_thread_blocked, id=17964, stack(0x0000008a5c900000,0x0000008a5ca00000)]
  0x0000027f0c058ec0 JavaThread "Common-Cleaner" daemon [_thread_blocked, id=10716, stack(0x0000008a5ca00000,0x0000008a5cb00000)]
  0x0000027f0c19b610 JavaThread "C1 CompilerThread1" daemon [_thread_blocked, id=220, stack(0x0000008a5cb00000,0x0000008a5cc00000)]
  0x0000027f0c19e7c0 JavaThread "C1 CompilerThread2" daemon [_thread_blocked, id=13892, stack(0x0000008a5cc00000,0x0000008a5cd00000)]
  0x0000027f0c1dc650 JavaThread "C1 CompilerThread3" daemon [_thread_blocked, id=640, stack(0x0000008a5cd00000,0x0000008a5ce00000)]
  0x0000027f0c21a8a0 JavaThread "JDWP Transport Listener: dt_socket" daemon [_thread_blocked, id=2652, stack(0x0000008a5ce00000,0x0000008a5cf00000)]
  0x0000027f0c21adf0 JavaThread "JDWP Event Helper Thread" daemon [_thread_blocked, id=14816, stack(0x0000008a5cf00000,0x0000008a5d000000)]
  0x0000027f0c2e3a10 JavaThread "JDWP Command Reader" daemon [_thread_in_native, id=20448, stack(0x0000008a5d000000,0x0000008a5d100000)]
  0x0000027f0c057980 JavaThread "Notification Thread" daemon [_thread_blocked, id=18112, stack(0x0000008a5d100000,0x0000008a5d200000)]

Other Threads:
  0x0000027f7b244510 VMThread "VM Thread" [stack: 0x0000008a5c000000,0x0000008a5c100000] [id=17748]
  0x0000027f0c2f15d0 WatcherThread "VM Periodic Task Thread" [stack: 0x0000008a5d200000,0x0000008a5d300000] [id=25280]
  0x0000027f540ae860 WorkerThread "GC Thread#0" [stack: 0x0000008a5bb00000,0x0000008a5bc00000] [id=7988]
  0x0000027f56432f60 ConcurrentGCThread "G1 Main Marker" [stack: 0x0000008a5bc00000,0x0000008a5bd00000] [id=15316]
  0x0000027f56435050 WorkerThread "G1 Conc#0" [stack: 0x0000008a5bd00000,0x0000008a5be00000] [id=4204]
  0x0000027f7b0f8840 ConcurrentGCThread "G1 Refine#0" [stack: 0x0000008a5be00000,0x0000008a5bf00000] [id=15876]
  0x0000027f7b0f9380 ConcurrentGCThread "G1 Service" [stack: 0x0000008a5bf00000,0x0000008a5c000000] [id=15912]

Threads with active compile tasks:

VM state: not at safepoint (normal execution)

VM Mutex/Monitor currently owned by a thread: None

Heap address: 0x0000000601800000, size: 8168 MB, Compressed Oops mode: Zero based, Oop shift amount: 3

CDS archive(s) mapped at: [0x0000000800000000-0x0000000800c40000-0x0000000800c40000), size 12845056, SharedBaseAddress: 0x0000000800000000, ArchiveRelocationMode: 0.
Compressed class space mapped at: 0x0000000801000000-0x0000000841000000, reserved size: 1073741824
Narrow klass base: 0x0000000800000000, Narrow klass shift: 0, Narrow klass range: 0x100000000

GC Precious Log:
 CardTable entry size: 512
 Card Set container configuration: InlinePtr #cards 4 size 8 Array Of Cards #cards 32 size 80 Howl #buckets 8 coarsen threshold 7372 Howl Bitmap #cards 1024 size 144 coarsen threshold 921 Card regions per heap region 1 cards per card region 8192
 CPUs: 20 total, 20 available
 Memory: 32665M
 Large Page Support: Disabled
 NUMA Support: Disabled
 Compressed Oops: Enabled (Zero based)
 Heap Region Size: 4M
 Heap Min Capacity: 8M
 Heap Initial Capacity: 512M
 Heap Max Capacity: 8168M
 Pre-touch: Disabled
 Parallel Workers: 15
 Concurrent Workers: 4
 Concurrent Refinement Workers: 15
 Periodic GC: Disabled

Heap:
 garbage-first heap   total 524288K, used 8192K [0x0000000601800000, 0x0000000800000000)
  region size 4096K, 3 young (12288K), 0 survivors (0K)
 Metaspace       used 1936K, committed 2112K, reserved 1114112K
  class space    used 146K, committed 256K, reserved 1048576K

Heap Regions: E=young(eden), S=young(survivor), O=old, HS=humongous(starts), HC=humongous(continues), CS=collection set, F=free, OA=open archive, CA=closed archive, TAMS=top-at-mark-start (previous, next)
|   0|0x0000000601800000, 0x0000000601800000, 0x0000000601c00000|  0%| F|  |TAMS 0x0000000601800000, 0x0000000601800000| Untracked 
|   1|0x0000000601c00000, 0x0000000601c00000, 0x0000000602000000|  0%| F|  |TAMS 0x0000000601c00000, 0x0000000601c00000| Untracked 
|   2|0x0000000602000000, 0x0000000602000000, 0x0000000602400000|  0%| F|  |TAMS 0x0000000602000000, 0x0000000602000000| Untracked 
|   3|0x0000000602400000, 0x0000000602400000, 0x0000000602800000|  0%| F|  |TAMS 0x0000000602400000, 0x0000000602400000| Untracked 
|   4|0x0000000602800000, 0x0000000602800000, 0x0000000602c00000|  0%| F|  |TAMS 0x0000000602800000, 0x0000000602800000| Untracked 
|   5|0x0000000602c00000, 0x0000000602c00000, 0x0000000603000000|  0%| F|  |TAMS 0x0000000602c00000, 0x0000000602c00000| Untracked 
|   6|0x0000000603000000, 0x0000000603000000, 0x0000000603400000|  0%| F|  |TAMS 0x0000000603000000, 0x0000000603000000| Untracked 
|   7|0x0000000603400000, 0x0000000603400000, 0x0000000603800000|  0%| F|  |TAMS 0x0000000603400000, 0x0000000603400000| Untracked 
|   8|0x0000000603800000, 0x0000000603800000, 0x0000000603c00000|  0%| F|  |TAMS 0x0000000603800000, 0x0000000603800000| Untracked 
|   9|0x0000000603c00000, 0x0000000603c00000, 0x0000000604000000|  0%| F|  |TAMS 0x0000000603c00000, 0x0000000603c00000| Untracked 
|  10|0x0000000604000000, 0x0000000604000000, 0x0000000604400000|  0%| F|  |TAMS 0x0000000604000000, 0x0000000604000000| Untracked 
|  11|0x0000000604400000, 0x0000000604400000, 0x0000000604800000|  0%| F|  |TAMS 0x0000000604400000, 0x0000000604400000| Untracked 
|  12|0x0000000604800000, 0x0000000604800000, 0x0000000604c00000|  0%| F|  |TAMS 0x0000000604800000, 0x0000000604800000| Untracked 
|  13|0x0000000604c00000, 0x0000000604c00000, 0x0000000605000000|  0%| F|  |TAMS 0x0000000604c00000, 0x0000000604c00000| Untracked 
|  14|0x0000000605000000, 0x0000000605000000, 0x0000000605400000|  0%| F|  |TAMS 0x0000000605000000, 0x0000000605000000| Untracked 
|  15|0x0000000605400000, 0x0000000605400000, 0x0000000605800000|  0%| F|  |TAMS 0x0000000605400000, 0x0000000605400000| Untracked 
|  16|0x0000000605800000, 0x0000000605800000, 0x0000000605c00000|  0%| F|  |TAMS 0x0000000605800000, 0x0000000605800000| Untracked 
|  17|0x0000000605c00000, 0x0000000605c00000, 0x0000000606000000|  0%| F|  |TAMS 0x0000000605c00000, 0x0000000605c00000| Untracked 
|  18|0x0000000606000000, 0x0000000606000000, 0x0000000606400000|  0%| F|  |TAMS 0x0000000606000000, 0x0000000606000000| Untracked 
|  19|0x0000000606400000, 0x0000000606400000, 0x0000000606800000|  0%| F|  |TAMS 0x0000000606400000, 0x0000000606400000| Untracked 
|  20|0x0000000606800000, 0x0000000606800000, 0x0000000606c00000|  0%| F|  |TAMS 0x0000000606800000, 0x0000000606800000| Untracked 
|  21|0x0000000606c00000, 0x0000000606c00000, 0x0000000607000000|  0%| F|  |TAMS 0x0000000606c00000, 0x0000000606c00000| Untracked 
|  22|0x0000000607000000, 0x0000000607000000, 0x0000000607400000|  0%| F|  |TAMS 0x0000000607000000, 0x0000000607000000| Untracked 
|  23|0x0000000607400000, 0x0000000607400000, 0x0000000607800000|  0%| F|  |TAMS 0x0000000607400000, 0x0000000607400000| Untracked 
|  24|0x0000000607800000, 0x0000000607800000, 0x0000000607c00000|  0%| F|  |TAMS 0x0000000607800000, 0x0000000607800000| Untracked 
|  25|0x0000000607c00000, 0x0000000607c00000, 0x0000000608000000|  0%| F|  |TAMS 0x0000000607c00000, 0x0000000607c00000| Untracked 
|  26|0x0000000608000000, 0x0000000608000000, 0x0000000608400000|  0%| F|  |TAMS 0x0000000608000000, 0x0000000608000000| Untracked 
|  27|0x0000000608400000, 0x0000000608400000, 0x0000000608800000|  0%| F|  |TAMS 0x0000000608400000, 0x0000000608400000| Untracked 
|  28|0x0000000608800000, 0x0000000608800000, 0x0000000608c00000|  0%| F|  |TAMS 0x0000000608800000, 0x0000000608800000| Untracked 
|  29|0x0000000608c00000, 0x0000000608c00000, 0x0000000609000000|  0%| F|  |TAMS 0x0000000608c00000, 0x0000000608c00000| Untracked 
|  30|0x0000000609000000, 0x0000000609000000, 0x0000000609400000|  0%| F|  |TAMS 0x0000000609000000, 0x0000000609000000| Untracked 
|  31|0x0000000609400000, 0x0000000609400000, 0x0000000609800000|  0%| F|  |TAMS 0x0000000609400000, 0x0000000609400000| Untracked 
|  32|0x0000000609800000, 0x0000000609800000, 0x0000000609c00000|  0%| F|  |TAMS 0x0000000609800000, 0x0000000609800000| Untracked 
|  33|0x0000000609c00000, 0x0000000609c00000, 0x000000060a000000|  0%| F|  |TAMS 0x0000000609c00000, 0x0000000609c00000| Untracked 
|  34|0x000000060a000000, 0x000000060a000000, 0x000000060a400000|  0%| F|  |TAMS 0x000000060a000000, 0x000000060a000000| Untracked 
|  35|0x000000060a400000, 0x000000060a400000, 0x000000060a800000|  0%| F|  |TAMS 0x000000060a400000, 0x000000060a400000| Untracked 
|  36|0x000000060a800000, 0x000000060a800000, 0x000000060ac00000|  0%| F|  |TAMS 0x000000060a800000, 0x000000060a800000| Untracked 
|  37|0x000000060ac00000, 0x000000060ac00000, 0x000000060b000000|  0%| F|  |TAMS 0x000000060ac00000, 0x000000060ac00000| Untracked 
|  38|0x000000060b000000, 0x000000060b000000, 0x000000060b400000|  0%| F|  |TAMS 0x000000060b000000, 0x000000060b000000| Untracked 
|  39|0x000000060b400000, 0x000000060b400000, 0x000000060b800000|  0%| F|  |TAMS 0x000000060b400000, 0x000000060b400000| Untracked 
|  40|0x000000060b800000, 0x000000060b800000, 0x000000060bc00000|  0%| F|  |TAMS 0x000000060b800000, 0x000000060b800000| Untracked 
|  41|0x000000060bc00000, 0x000000060bc00000, 0x000000060c000000|  0%| F|  |TAMS 0x000000060bc00000, 0x000000060bc00000| Untracked 
|  42|0x000000060c000000, 0x000000060c000000, 0x000000060c400000|  0%| F|  |TAMS 0x000000060c000000, 0x000000060c000000| Untracked 
|  43|0x000000060c400000, 0x000000060c400000, 0x000000060c800000|  0%| F|  |TAMS 0x000000060c400000, 0x000000060c400000| Untracked 
|  44|0x000000060c800000, 0x000000060c800000, 0x000000060cc00000|  0%| F|  |TAMS 0x000000060c800000, 0x000000060c800000| Untracked 
|  45|0x000000060cc00000, 0x000000060cc00000, 0x000000060d000000|  0%| F|  |TAMS 0x000000060cc00000, 0x000000060cc00000| Untracked 
|  46|0x000000060d000000, 0x000000060d000000, 0x000000060d400000|  0%| F|  |TAMS 0x000000060d000000, 0x000000060d000000| Untracked 
|  47|0x000000060d400000, 0x000000060d400000, 0x000000060d800000|  0%| F|  |TAMS 0x000000060d400000, 0x000000060d400000| Untracked 
|  48|0x000000060d800000, 0x000000060d800000, 0x000000060dc00000|  0%| F|  |TAMS 0x000000060d800000, 0x000000060d800000| Untracked 
|  49|0x000000060dc00000, 0x000000060dc00000, 0x000000060e000000|  0%| F|  |TAMS 0x000000060dc00000, 0x000000060dc00000| Untracked 
|  50|0x000000060e000000, 0x000000060e000000, 0x000000060e400000|  0%| F|  |TAMS 0x000000060e000000, 0x000000060e000000| Untracked 
|  51|0x000000060e400000, 0x000000060e400000, 0x000000060e800000|  0%| F|  |TAMS 0x000000060e400000, 0x000000060e400000| Untracked 
|  52|0x000000060e800000, 0x000000060e800000, 0x000000060ec00000|  0%| F|  |TAMS 0x000000060e800000, 0x000000060e800000| Untracked 
|  53|0x000000060ec00000, 0x000000060ec00000, 0x000000060f000000|  0%| F|  |TAMS 0x000000060ec00000, 0x000000060ec00000| Untracked 
|  54|0x000000060f000000, 0x000000060f000000, 0x000000060f400000|  0%| F|  |TAMS 0x000000060f000000, 0x000000060f000000| Untracked 
|  55|0x000000060f400000, 0x000000060f400000, 0x000000060f800000|  0%| F|  |TAMS 0x000000060f400000, 0x000000060f400000| Untracked 
|  56|0x000000060f800000, 0x000000060f800000, 0x000000060fc00000|  0%| F|  |TAMS 0x000000060f800000, 0x000000060f800000| Untracked 
|  57|0x000000060fc00000, 0x000000060fc00000, 0x0000000610000000|  0%| F|  |TAMS 0x000000060fc00000, 0x000000060fc00000| Untracked 
|  58|0x0000000610000000, 0x0000000610000000, 0x0000000610400000|  0%| F|  |TAMS 0x0000000610000000, 0x0000000610000000| Untracked 
|  59|0x0000000610400000, 0x0000000610400000, 0x0000000610800000|  0%| F|  |TAMS 0x0000000610400000, 0x0000000610400000| Untracked 
|  60|0x0000000610800000, 0x0000000610800000, 0x0000000610c00000|  0%| F|  |TAMS 0x0000000610800000, 0x0000000610800000| Untracked 
|  61|0x0000000610c00000, 0x0000000610c00000, 0x0000000611000000|  0%| F|  |TAMS 0x0000000610c00000, 0x0000000610c00000| Untracked 
|  62|0x0000000611000000, 0x0000000611000000, 0x0000000611400000|  0%| F|  |TAMS 0x0000000611000000, 0x0000000611000000| Untracked 
|  63|0x0000000611400000, 0x0000000611400000, 0x0000000611800000|  0%| F|  |TAMS 0x0000000611400000, 0x0000000611400000| Untracked 
|  64|0x0000000611800000, 0x0000000611800000, 0x0000000611c00000|  0%| F|  |TAMS 0x0000000611800000, 0x0000000611800000| Untracked 
|  65|0x0000000611c00000, 0x0000000611c00000, 0x0000000612000000|  0%| F|  |TAMS 0x0000000611c00000, 0x0000000611c00000| Untracked 
|  66|0x0000000612000000, 0x0000000612000000, 0x0000000612400000|  0%| F|  |TAMS 0x0000000612000000, 0x0000000612000000| Untracked 
|  67|0x0000000612400000, 0x0000000612400000, 0x0000000612800000|  0%| F|  |TAMS 0x0000000612400000, 0x0000000612400000| Untracked 
|  68|0x0000000612800000, 0x0000000612800000, 0x0000000612c00000|  0%| F|  |TAMS 0x0000000612800000, 0x0000000612800000| Untracked 
|  69|0x0000000612c00000, 0x0000000612c00000, 0x0000000613000000|  0%| F|  |TAMS 0x0000000612c00000, 0x0000000612c00000| Untracked 
|  70|0x0000000613000000, 0x0000000613000000, 0x0000000613400000|  0%| F|  |TAMS 0x0000000613000000, 0x0000000613000000| Untracked 
|  71|0x0000000613400000, 0x0000000613400000, 0x0000000613800000|  0%| F|  |TAMS 0x0000000613400000, 0x0000000613400000| Untracked 
|  72|0x0000000613800000, 0x0000000613800000, 0x0000000613c00000|  0%| F|  |TAMS 0x0000000613800000, 0x0000000613800000| Untracked 
|  73|0x0000000613c00000, 0x0000000613c00000, 0x0000000614000000|  0%| F|  |TAMS 0x0000000613c00000, 0x0000000613c00000| Untracked 
|  74|0x0000000614000000, 0x0000000614000000, 0x0000000614400000|  0%| F|  |TAMS 0x0000000614000000, 0x0000000614000000| Untracked 
|  75|0x0000000614400000, 0x0000000614400000, 0x0000000614800000|  0%| F|  |TAMS 0x0000000614400000, 0x0000000614400000| Untracked 
|  76|0x0000000614800000, 0x0000000614800000, 0x0000000614c00000|  0%| F|  |TAMS 0x0000000614800000, 0x0000000614800000| Untracked 
|  77|0x0000000614c00000, 0x0000000614c00000, 0x0000000615000000|  0%| F|  |TAMS 0x0000000614c00000, 0x0000000614c00000| Untracked 
|  78|0x0000000615000000, 0x0000000615000000, 0x0000000615400000|  0%| F|  |TAMS 0x0000000615000000, 0x0000000615000000| Untracked 
|  79|0x0000000615400000, 0x0000000615400000, 0x0000000615800000|  0%| F|  |TAMS 0x0000000615400000, 0x0000000615400000| Untracked 
|  80|0x0000000615800000, 0x0000000615800000, 0x0000000615c00000|  0%| F|  |TAMS 0x0000000615800000, 0x0000000615800000| Untracked 
|  81|0x0000000615c00000, 0x0000000615c00000, 0x0000000616000000|  0%| F|  |TAMS 0x0000000615c00000, 0x0000000615c00000| Untracked 
|  82|0x0000000616000000, 0x0000000616000000, 0x0000000616400000|  0%| F|  |TAMS 0x0000000616000000, 0x0000000616000000| Untracked 
|  83|0x0000000616400000, 0x0000000616400000, 0x0000000616800000|  0%| F|  |TAMS 0x0000000616400000, 0x0000000616400000| Untracked 
|  84|0x0000000616800000, 0x0000000616800000, 0x0000000616c00000|  0%| F|  |TAMS 0x0000000616800000, 0x0000000616800000| Untracked 
|  85|0x0000000616c00000, 0x0000000616c00000, 0x0000000617000000|  0%| F|  |TAMS 0x0000000616c00000, 0x0000000616c00000| Untracked 
|  86|0x0000000617000000, 0x0000000617000000, 0x0000000617400000|  0%| F|  |TAMS 0x0000000617000000, 0x0000000617000000| Untracked 
|  87|0x0000000617400000, 0x0000000617400000, 0x0000000617800000|  0%| F|  |TAMS 0x0000000617400000, 0x0000000617400000| Untracked 
|  88|0x0000000617800000, 0x0000000617800000, 0x0000000617c00000|  0%| F|  |TAMS 0x0000000617800000, 0x0000000617800000| Untracked 
|  89|0x0000000617c00000, 0x0000000617c00000, 0x0000000618000000|  0%| F|  |TAMS 0x0000000617c00000, 0x0000000617c00000| Untracked 
|  90|0x0000000618000000, 0x0000000618000000, 0x0000000618400000|  0%| F|  |TAMS 0x0000000618000000, 0x0000000618000000| Untracked 
|  91|0x0000000618400000, 0x0000000618400000, 0x0000000618800000|  0%| F|  |TAMS 0x0000000618400000, 0x0000000618400000| Untracked 
|  92|0x0000000618800000, 0x0000000618800000, 0x0000000618c00000|  0%| F|  |TAMS 0x0000000618800000, 0x0000000618800000| Untracked 
|  93|0x0000000618c00000, 0x0000000618c00000, 0x0000000619000000|  0%| F|  |TAMS 0x0000000618c00000, 0x0000000618c00000| Untracked 
|  94|0x0000000619000000, 0x0000000619000000, 0x0000000619400000|  0%| F|  |TAMS 0x0000000619000000, 0x0000000619000000| Untracked 
|  95|0x0000000619400000, 0x0000000619400000, 0x0000000619800000|  0%| F|  |TAMS 0x0000000619400000, 0x0000000619400000| Untracked 
|  96|0x0000000619800000, 0x0000000619800000, 0x0000000619c00000|  0%| F|  |TAMS 0x0000000619800000, 0x0000000619800000| Untracked 
|  97|0x0000000619c00000, 0x0000000619c00000, 0x000000061a000000|  0%| F|  |TAMS 0x0000000619c00000, 0x0000000619c00000| Untracked 
|  98|0x000000061a000000, 0x000000061a000000, 0x000000061a400000|  0%| F|  |TAMS 0x000000061a000000, 0x000000061a000000| Untracked 
|  99|0x000000061a400000, 0x000000061a400000, 0x000000061a800000|  0%| F|  |TAMS 0x000000061a400000, 0x000000061a400000| Untracked 
| 100|0x000000061a800000, 0x000000061a800000, 0x000000061ac00000|  0%| F|  |TAMS 0x000000061a800000, 0x000000061a800000| Untracked 
| 101|0x000000061ac00000, 0x000000061ac00000, 0x000000061b000000|  0%| F|  |TAMS 0x000000061ac00000, 0x000000061ac00000| Untracked 
| 102|0x000000061b000000, 0x000000061b000000, 0x000000061b400000|  0%| F|  |TAMS 0x000000061b000000, 0x000000061b000000| Untracked 
| 103|0x000000061b400000, 0x000000061b400000, 0x000000061b800000|  0%| F|  |TAMS 0x000000061b400000, 0x000000061b400000| Untracked 
| 104|0x000000061b800000, 0x000000061b800000, 0x000000061bc00000|  0%| F|  |TAMS 0x000000061b800000, 0x000000061b800000| Untracked 
| 105|0x000000061bc00000, 0x000000061bc00000, 0x000000061c000000|  0%| F|  |TAMS 0x000000061bc00000, 0x000000061bc00000| Untracked 
| 106|0x000000061c000000, 0x000000061c000000, 0x000000061c400000|  0%| F|  |TAMS 0x000000061c000000, 0x000000061c000000| Untracked 
| 107|0x000000061c400000, 0x000000061c400000, 0x000000061c800000|  0%| F|  |TAMS 0x000000061c400000, 0x000000061c400000| Untracked 
| 108|0x000000061c800000, 0x000000061c800000, 0x000000061cc00000|  0%| F|  |TAMS 0x000000061c800000, 0x000000061c800000| Untracked 
| 109|0x000000061cc00000, 0x000000061cc00000, 0x000000061d000000|  0%| F|  |TAMS 0x000000061cc00000, 0x000000061cc00000| Untracked 
| 110|0x000000061d000000, 0x000000061d000000, 0x000000061d400000|  0%| F|  |TAMS 0x000000061d000000, 0x000000061d000000| Untracked 
| 111|0x000000061d400000, 0x000000061d400000, 0x000000061d800000|  0%| F|  |TAMS 0x000000061d400000, 0x000000061d400000| Untracked 
| 112|0x000000061d800000, 0x000000061d800000, 0x000000061dc00000|  0%| F|  |TAMS 0x000000061d800000, 0x000000061d800000| Untracked 
| 113|0x000000061dc00000, 0x000000061dc00000, 0x000000061e000000|  0%| F|  |TAMS 0x000000061dc00000, 0x000000061dc00000| Untracked 
| 114|0x000000061e000000, 0x000000061e000000, 0x000000061e400000|  0%| F|  |TAMS 0x000000061e000000, 0x000000061e000000| Untracked 
| 115|0x000000061e400000, 0x000000061e400000, 0x000000061e800000|  0%| F|  |TAMS 0x000000061e400000, 0x000000061e400000| Untracked 
| 116|0x000000061e800000, 0x000000061e800000, 0x000000061ec00000|  0%| F|  |TAMS 0x000000061e800000, 0x000000061e800000| Untracked 
| 117|0x000000061ec00000, 0x000000061ec00000, 0x000000061f000000|  0%| F|  |TAMS 0x000000061ec00000, 0x000000061ec00000| Untracked 
| 118|0x000000061f000000, 0x000000061f000000, 0x000000061f400000|  0%| F|  |TAMS 0x000000061f000000, 0x000000061f000000| Untracked 
| 119|0x000000061f400000, 0x000000061f400000, 0x000000061f800000|  0%| F|  |TAMS 0x000000061f400000, 0x000000061f400000| Untracked 
| 120|0x000000061f800000, 0x000000061f800000, 0x000000061fc00000|  0%| F|  |TAMS 0x000000061f800000, 0x000000061f800000| Untracked 
| 121|0x000000061fc00000, 0x000000061fc00000, 0x0000000620000000|  0%| F|  |TAMS 0x000000061fc00000, 0x000000061fc00000| Untracked 
| 122|0x0000000620000000, 0x0000000620000000, 0x0000000620400000|  0%| F|  |TAMS 0x0000000620000000, 0x0000000620000000| Untracked 
| 123|0x0000000620400000, 0x0000000620400000, 0x0000000620800000|  0%| F|  |TAMS 0x0000000620400000, 0x0000000620400000| Untracked 
| 124|0x0000000620800000, 0x0000000620800000, 0x0000000620c00000|  0%| F|  |TAMS 0x0000000620800000, 0x0000000620800000| Untracked 
| 125|0x0000000620c00000, 0x0000000620d1c9f8, 0x0000000621000000| 27%| E|  |TAMS 0x0000000620c00000, 0x0000000620c00000| Complete 
| 126|0x0000000621000000, 0x0000000621400000, 0x0000000621400000|100%| E|CS|TAMS 0x0000000621000000, 0x0000000621000000| Complete 
| 127|0x0000000621400000, 0x0000000621800000, 0x0000000621800000|100%| E|CS|TAMS 0x0000000621400000, 0x0000000621400000| Complete 

Card table byte_map: [0x0000027f6ed80000,0x0000027f6fd80000] _byte_map_base: 0x0000027f6bd74000

Marking Bits (Prev, Next): (CMBitMap*) 0x0000027f56420540, (CMBitMap*) 0x0000027f56420580
 Prev Bits: [0x0000027f70d80000, 0x0000027f78d20000)
 Next Bits: [0x0000027f00000000, 0x0000027f07fa0000)

Polling page: 0x0000027f54330000

Metaspace:

Usage:
  Non-class:      1.75 MB used.
      Class:    146.71 KB used.
       Both:      1.89 MB used.

Virtual space:
  Non-class space:       64.00 MB reserved,       1.81 MB (  3%) committed,  1 nodes.
      Class space:        1.00 GB reserved,     256.00 KB ( <1%) committed,  1 nodes.
             Both:        1.06 GB reserved,       2.06 MB ( <1%) committed. 

Chunk freelists:
   Non-Class:  3.44 MB
       Class:  3.67 MB
        Both:  7.11 MB

MaxMetaspaceSize: unlimited
CompressedClassSpaceSize: 1.00 GB
Initial GC threshold: 21.00 MB
Current GC threshold: 21.00 MB
CDS: on
MetaspaceReclaimPolicy: balanced
 - commit_granule_bytes: 65536.
 - commit_granule_words: 8192.
 - virtual_space_node_default_size: 8388608.
 - enlarge_chunks_in_place: 1.
 - new_chunks_are_fully_committed: 0.
 - uncommit_free_chunks: 1.
 - use_allocation_guard: 0.


Internal statistics:

num_allocs_failed_limit: 0.
num_arena_births: 76.
num_arena_deaths: 0.
num_vsnodes_births: 2.
num_vsnodes_deaths: 0.
num_space_committed: 33.
num_space_uncommitted: 0.
num_chunks_returned_to_freelist: 0.
num_chunks_taken_from_freelist: 110.
num_chunk_merges: 0.
num_chunk_splits: 73.
num_chunks_enlarged: 46.
num_inconsistent_stats: 0.

CodeHeap 'non-profiled nmethods': size=119168Kb used=149Kb max_used=149Kb free=119018Kb
 bounds [0x0000027f65e70000, 0x0000027f660e0000, 0x0000027f6d2d0000]
CodeHeap 'profiled nmethods': size=119104Kb used=678Kb max_used=678Kb free=118426Kb
 bounds [0x0000027f5e2d0000, 0x0000027f5e540000, 0x0000027f65720000]
CodeHeap 'non-nmethods': size=7488Kb used=2985Kb max_used=2998Kb free=4502Kb
 bounds [0x0000027f65720000, 0x0000027f65a10000, 0x0000027f65e70000]
 total_blobs=923 nmethods=486 adapters=345
 compilation: enabled
              stopped_count=0, restarted_count=0
 full_count=0

Compilation events (20 events):
Event: 0.409 Thread 0x0000027f0c1dc650  477       1       java.net.URL::getRef (5 bytes)
Event: 0.410 Thread 0x0000027f0c1dc650 nmethod 477 0x0000027f65e95110 code [0x0000027f65e952a0, 0x0000027f65e95378]
Event: 0.411 Thread 0x0000027f0c1dc650  478       3       jdk.internal.org.objectweb.asm.SymbolTable::addConstantMemberReference (147 bytes)
Event: 0.411 Thread 0x0000027f0c19e7c0  479       3       jdk.internal.org.objectweb.asm.SymbolTable::hash (20 bytes)
Event: 0.411 Thread 0x0000027f0c19e7c0 nmethod 479 0x0000027f5e376810 code [0x0000027f5e3769e0, 0x0000027f5e376ba8]
Event: 0.411 Thread 0x0000027f0c19e7c0  480       3       java.lang.StringBuilder::append (8 bytes)
Event: 0.411 Thread 0x0000027f0c097190  481       3       java.lang.AbstractStringBuilder::append (55 bytes)
Event: 0.411 Thread 0x0000027f0c19e7c0 nmethod 480 0x0000027f5e376d10 code [0x0000027f5e376ec0, 0x0000027f5e377008]
Event: 0.411 Thread 0x0000027f0c1dc650 nmethod 478 0x0000027f5e377090 code [0x0000027f5e377320, 0x0000027f5e377c08]
Event: 0.411 Thread 0x0000027f0c097190 nmethod 481 0x0000027f5e378190 code [0x0000027f5e378380, 0x0000027f5e3786b8]
Event: 0.412 Thread 0x0000027f0c097190  482       3       java.util.concurrent.ConcurrentHashMap$BaseIterator::hasNext (13 bytes)
Event: 0.412 Thread 0x0000027f0c097190 nmethod 482 0x0000027f5e378810 code [0x0000027f5e3789a0, 0x0000027f5e378b18]
Event: 0.413 Thread 0x0000027f0c097190  483       3       java.util.concurrent.ConcurrentHashMap$ValueIterator::next (34 bytes)
Event: 0.413 Thread 0x0000027f0c1dc650  484       3       jdk.internal.jimage.ImageStringsReader::hashCode (33 bytes)
Event: 0.413 Thread 0x0000027f0c06cbe0  485       4       java.util.concurrent.ConcurrentHashMap::tabAt (22 bytes)
Event: 0.413 Thread 0x0000027f0c1dc650 nmethod 484 0x0000027f5e378b90 code [0x0000027f5e378d40, 0x0000027f5e378eb8]
Event: 0.413 Thread 0x0000027f0c097190 nmethod 483 0x0000027f5e378f90 code [0x0000027f5e379160, 0x0000027f5e3793f8]
Event: 0.413 Thread 0x0000027f0c097190  486       3       java.util.Optional::empty (6 bytes)
Event: 0.413 Thread 0x0000027f0c097190 nmethod 486 0x0000027f5e379510 code [0x0000027f5e3796a0, 0x0000027f5e379798]
Event: 0.413 Thread 0x0000027f0c06cbe0 nmethod 485 0x0000027f65e95410 code [0x0000027f65e95580, 0x0000027f65e955f8]

GC Heap History (0 events):
No events

Dll operation events (9 events):
Event: 0.012 Loaded shared library C:\Users\skyeh\.jdks\openjdk-19.0.2\bin\java.dll
Event: 0.013 Loaded shared library C:\Users\skyeh\.jdks\openjdk-19.0.2\bin\zip.dll
Event: 0.018 Loaded shared library C:\Users\skyeh\.jdks\openjdk-19.0.2\bin\jsvml.dll
Event: 0.302 Loaded shared library C:\Users\skyeh\.jdks\openjdk-19.0.2\bin\instrument.dll
Event: 0.331 Loaded shared library C:\Users\skyeh\.jdks\openjdk-19.0.2\bin\net.dll
Event: 0.331 Loaded shared library C:\Users\skyeh\.jdks\openjdk-19.0.2\bin\nio.dll
Event: 0.338 Loaded shared library C:\Users\skyeh\.jdks\openjdk-19.0.2\bin\zip.dll
Event: 0.378 Loaded shared library C:\Users\skyeh\.jdks\openjdk-19.0.2\bin\jimage.dll
Event: 0.394 Loaded shared library C:\Users\skyeh\AppData\Local\Temp\lwjglskyeh\3.3.1-build-7\lwjgl.dll

Deoptimization events (6 events):
Event: 0.311 Thread 0x0000027f56374110 Uncommon trap: trap_request=0xffffff45 fr.pc=0x0000027f65e81960 relative=0x00000000000000c0
Event: 0.311 Thread 0x0000027f56374110 Uncommon trap: reason=unstable_if action=reinterpret pc=0x0000027f65e81960 method=java.lang.String.isLatin1()Z @ 10 c2
Event: 0.311 Thread 0x0000027f56374110 DEOPT PACKING pc=0x0000027f65e81960 sp=0x0000008a5bafee70
Event: 0.311 Thread 0x0000027f56374110 DEOPT UNPACKING pc=0x0000027f65786da3 sp=0x0000008a5bafedc0 mode 2
Event: 0.409 Thread 0x0000027f56374110 DEOPT PACKING pc=0x0000027f5e2ffeea sp=0x0000008a5bafaf70
Event: 0.409 Thread 0x0000027f56374110 DEOPT UNPACKING pc=0x0000027f65787543 sp=0x0000008a5bafa390 mode 0

Classes loaded (20 events):
Event: 0.410 Loading class java/nio/BufferUnderflowException
Event: 0.410 Loading class java/nio/BufferUnderflowException done
Event: 0.410 Loading class org/lwjgl/system/MemoryStack
Event: 0.410 Loading class org/lwjgl/system/MemoryStack done
Event: 0.410 Loading class java/lang/IndexOutOfBoundsException
Event: 0.410 Loading class java/lang/IndexOutOfBoundsException done
Event: 0.410 Loading class org/lwjgl/system/MemoryStack$DebugMemoryStack
Event: 0.410 Loading class org/lwjgl/system/MemoryStack$DebugMemoryStack done
Event: 0.411 Loading class org/lwjgl/system/MemoryStack
Event: 0.411 Loading class org/lwjgl/system/MemoryStack done
Event: 0.411 Loading class org/lwjgl/system/MemoryStack
Event: 0.411 Loading class org/lwjgl/system/MemoryStack done
Event: 0.411 Loading class org/lwjgl/BufferUtils
Event: 0.411 Loading class org/lwjgl/BufferUtils done
Event: 0.411 Loading class org/lwjgl/system/windows/WinBase
Event: 0.411 Loading class org/lwjgl/system/windows/WinBase done
Event: 0.412 Loading class org/lwjgl/system/ThreadLocalUtil
Event: 0.412 Loading class org/lwjgl/system/ThreadLocalUtil done
Event: 0.413 Loading class org/lwjgl/glfw/GLFW$Functions
Event: 0.413 Loading class org/lwjgl/glfw/GLFW$Functions done

Classes unloaded (0 events):
No events

Classes redefined (0 events):
No events

Internal exceptions (20 events):
Event: 0.303 Thread 0x0000027f56374110 Exception <a 'java/lang/NoSuchMethodError'{0x0000000621713348}: 'void java.lang.invoke.DirectMethodHandle$Holder.invokeStatic(java.lang.Object, java.lang.Object, java.lang.Object)'> (0x0000000621713348) 
thrown [s\open\src\hotspot\share\interpreter\linkResolver.cpp, line 774]
Event: 0.306 Thread 0x0000027f56374110 Exception <a 'java/lang/NoSuchMethodError'{0x000000062172b940}: 'java.lang.Object java.lang.invoke.Invokers$Holder.invokeExact_MT(java.lang.Object, java.lang.Object, java.lang.Object, java.lang.Object, java.lang.Object)'> (0x000000062172b940) 
thrown [s\open\src\hotspot\share\interpreter\linkResolver.cpp, line 774]
Event: 0.361 Thread 0x0000027f56374110 Exception <a 'java/lang/NoSuchMethodError'{0x000000062129e958}: 'void java.lang.invoke.DirectMethodHandle$Holder.invokeStatic(java.lang.Object, java.lang.Object)'> (0x000000062129e958) 
thrown [s\open\src\hotspot\share\interpreter\linkResolver.cpp, line 774]
Event: 0.362 Thread 0x0000027f56374110 Exception <a 'java/lang/NoSuchMethodError'{0x00000006212a9218}: 'void java.lang.System.load(java.lang.String, java.lang.Class)'> (0x00000006212a9218) 
thrown [s\open\src\hotspot\share\interpreter\linkResolver.cpp, line 774]
Event: 0.362 Thread 0x0000027f56374110 Exception <a 'java/lang/NoSuchMethodError'{0x00000006212a9c18}: 'void java.lang.invoke.DirectMethodHandle$Holder.invokeSpecial(java.lang.Object, java.lang.Object, java.lang.Object)'> (0x00000006212a9c18) 
thrown [s\open\src\hotspot\share\interpreter\linkResolver.cpp, line 774]
Event: 0.364 Thread 0x0000027f56374110 Exception <a 'java/lang/NoSuchMethodError'{0x00000006212be250}: 'java.lang.Object java.lang.invoke.DirectMethodHandle$Holder.invokeStatic(java.lang.Object, java.lang.Object, int)'> (0x00000006212be250) 
thrown [s\open\src\hotspot\share\interpreter\linkResolver.cpp, line 774]
Event: 0.366 Thread 0x0000027f56374110 Exception <a 'java/lang/NoSuchMethodError'{0x00000006212ca038}: 'void java.lang.invoke.DelegatingMethodHandle$Holder.delegate(java.lang.Object, java.lang.Object, int, java.lang.Object)'> (0x00000006212ca038) 
thrown [s\open\src\hotspot\share\interpreter\linkResolver.cpp, line 774]
Event: 0.367 Thread 0x0000027f56374110 Exception <a 'java/lang/NoSuchMethodError'{0x00000006212ce038}: 'int java.lang.invoke.DirectMethodHandle$Holder.invokeSpecial(java.lang.Object, java.lang.Object, java.lang.Object)'> (0x00000006212ce038) 
thrown [s\open\src\hotspot\share\interpreter\linkResolver.cpp, line 774]
Event: 0.371 Thread 0x0000027f56374110 Exception <a 'java/lang/NoSuchMethodError'{0x00000006212eb848}: 'void java.lang.System.loadLibrary(java.lang.String, java.lang.Class)'> (0x00000006212eb848) 
thrown [s\open\src\hotspot\share\interpreter\linkResolver.cpp, line 774]
Event: 0.393 Thread 0x0000027f56374110 Exception <a 'sun/nio/fs/WindowsException'{0x00000006213b01a8}> (0x00000006213b01a8) 
thrown [s\open\src\hotspot\share\prims\jni.cpp, line 517]
Event: 0.393 Thread 0x0000027f56374110 Exception <a 'sun/nio/fs/WindowsException'{0x00000006213b17d0}> (0x00000006213b17d0) 
thrown [s\open\src\hotspot\share\prims\jni.cpp, line 517]
Event: 0.400 Thread 0x0000027f56374110 Exception <a 'sun/nio/fs/WindowsException'{0x00000006213dbba0}> (0x00000006213dbba0) 
thrown [s\open\src\hotspot\share\prims\jni.cpp, line 517]
Event: 0.400 Thread 0x0000027f56374110 Exception <a 'sun/nio/fs/WindowsException'{0x00000006213dbf00}> (0x00000006213dbf00) 
thrown [s\open\src\hotspot\share\prims\jni.cpp, line 517]
Event: 0.403 Thread 0x0000027f56374110 Exception <a 'java/lang/NoSuchMethodError'{0x00000006213fe658}: 'java.lang.Object java.lang.invoke.DirectMethodHandle$Holder.invokeStaticInit(java.lang.Object)'> (0x00000006213fe658) 
thrown [s\open\src\hotspot\share\interpreter\linkResolver.cpp, line 774]
Event: 0.406 Thread 0x0000027f56374110 Exception <a 'java/lang/NoSuchMethodError'{0x0000000620c4c1c0}: 'int java.lang.invoke.DirectMethodHandle$Holder.invokeStaticInit(java.lang.Object, java.lang.Object, int, long)'> (0x0000000620c4c1c0) 
thrown [s\open\src\hotspot\share\interpreter\linkResolver.cpp, line 774]
Event: 0.407 Thread 0x0000027f56374110 Exception <a 'java/lang/NoSuchMethodError'{0x0000000620c51a90}: 'java.lang.Object java.lang.invoke.DirectMethodHandle$Holder.newInvokeSpecial(java.lang.Object, java.lang.Object, int)'> (0x0000000620c51a90) 
thrown [s\open\src\hotspot\share\interpreter\linkResolver.cpp, line 774]
Event: 0.408 Thread 0x0000027f56374110 Exception <a 'java/lang/NoSuchMethodError'{0x0000000620c65eb8}: 'int java.lang.invoke.DirectMethodHandle$Holder.invokeStaticInit(java.lang.Object, java.lang.Object, long, long)'> (0x0000000620c65eb8) 
thrown [s\open\src\hotspot\share\interpreter\linkResolver.cpp, line 774]
Event: 0.408 Thread 0x0000027f56374110 Exception <a 'java/lang/NoSuchMethodError'{0x0000000620c6bfd0}: 'java.lang.Object java.lang.invoke.DirectMethodHandle$Holder.newInvokeSpecial(java.lang.Object, java.lang.Object, long)'> (0x0000000620c6bfd0) 
thrown [s\open\src\hotspot\share\interpreter\linkResolver.cpp, line 774]
Event: 0.408 Thread 0x0000027f56374110 Exception <a 'java/lang/NoSuchMethodError'{0x0000000620c70030}: 'java.lang.Object java.lang.invoke.Invokers$Holder.linkToTargetMethod(java.lang.Object, long, java.lang.Object)'> (0x0000000620c70030) 
thrown [s\open\src\hotspot\share\interpreter\linkResolver.cpp, line 774]
Event: 0.409 Thread 0x0000027f56374110 Exception <a 'java/lang/NoSuchMethodError'{0x0000000620c775b8}: 'int java.lang.invoke.DirectMethodHandle$Holder.invokeStaticInit(java.lang.Object, java.lang.Object, java.lang.Object, long)'> (0x0000000620c775b8) 
thrown [s\open\src\hotspot\share\interpreter\linkResolver.cpp, line 774]

VM Operations (8 events):
Event: 0.048 Executing VM operation: HandshakeAllThreads
Event: 0.048 Executing VM operation: HandshakeAllThreads done
Event: 0.061 Executing VM operation: ChangeBreakpoints
Event: 0.061 Executing VM operation: ChangeBreakpoints done
Event: 0.301 Executing VM operation: ChangeBreakpoints
Event: 0.301 Executing VM operation: ChangeBreakpoints done
Event: 0.301 Executing VM operation: ChangeBreakpoints
Event: 0.301 Executing VM operation: ChangeBreakpoints done

Events (18 events):
Event: 0.019 Thread 0x0000027f56374110 Thread added: 0x0000027f56374110
Event: 0.025 Thread 0x0000027f0c050630 Thread added: 0x0000027f0c050630
Event: 0.025 Thread 0x0000027f0c051420 Thread added: 0x0000027f0c051420
Event: 0.026 Thread 0x0000027f0c052c10 Thread added: 0x0000027f0c052c10
Event: 0.026 Thread 0x0000027f0c054960 Thread added: 0x0000027f0c054960
Event: 0.026 Thread 0x0000027f0c058420 Thread added: 0x0000027f0c058420
Event: 0.026 Thread 0x0000027f0c059960 Thread added: 0x0000027f0c059960
Event: 0.026 Thread 0x0000027f0c06cbe0 Thread added: 0x0000027f0c06cbe0
Event: 0.026 Thread 0x0000027f0c097190 Thread added: 0x0000027f0c097190
Event: 0.026 Thread 0x0000027f0c057430 Thread added: 0x0000027f0c057430
Event: 0.044 Thread 0x0000027f0c058ec0 Thread added: 0x0000027f0c058ec0
Event: 0.048 Thread 0x0000027f0c19b610 Thread added: 0x0000027f0c19b610
Event: 0.048 Thread 0x0000027f0c19e7c0 Thread added: 0x0000027f0c19e7c0
Event: 0.049 Thread 0x0000027f0c1dc650 Thread added: 0x0000027f0c1dc650
Event: 0.061 Thread 0x0000027f0c21a8a0 Thread added: 0x0000027f0c21a8a0
Event: 0.061 Thread 0x0000027f0c21adf0 Thread added: 0x0000027f0c21adf0
Event: 0.061 Thread 0x0000027f0c2e3a10 Thread added: 0x0000027f0c2e3a10
Event: 0.310 Thread 0x0000027f0c057980 Thread added: 0x0000027f0c057980


Dynamic libraries:
0x00007ff651b00000 - 0x00007ff651b0e000 	C:\Users\skyeh\.jdks\openjdk-19.0.2\bin\java.exe
0x00007ff8d4070000 - 0x00007ff8d4268000 	C:\Windows\SYSTEM32\ntdll.dll
0x00007ff8d3f40000 - 0x00007ff8d3fff000 	C:\Windows\System32\KERNEL32.DLL
0x00007ff8d18f0000 - 0x00007ff8d1bca000 	C:\Windows\System32\KERNELBASE.dll
0x00007ff8d1e90000 - 0x00007ff8d1f90000 	C:\Windows\System32\ucrtbase.dll
0x00007ff8b17f0000 - 0x00007ff8b180b000 	C:\Users\skyeh\.jdks\openjdk-19.0.2\bin\VCRUNTIME140.dll
0x00007ff8cd250000 - 0x00007ff8cd267000 	C:\Users\skyeh\.jdks\openjdk-19.0.2\bin\jli.dll
0x00007ff8d3270000 - 0x00007ff8d340d000 	C:\Windows\System32\USER32.dll
0x00007ff8d1780000 - 0x00007ff8d17a2000 	C:\Windows\System32\win32u.dll
0x00007ff8ba1a0000 - 0x00007ff8ba43a000 	C:\Windows\WinSxS\amd64_microsoft.windows.common-controls_6595b64144ccf1df_6.0.19041.1110_none_60b5254171f9507e\COMCTL32.dll
0x00007ff8d20d0000 - 0x00007ff8d20fb000 	C:\Windows\System32\GDI32.dll
0x00007ff8d2a60000 - 0x00007ff8d2afe000 	C:\Windows\System32\msvcrt.dll
0x00007ff8d1d30000 - 0x00007ff8d1e40000 	C:\Windows\System32\gdi32full.dll
0x00007ff8d17e0000 - 0x00007ff8d187d000 	C:\Windows\System32\msvcp_win.dll
0x00007ff8d4000000 - 0x00007ff8d4030000 	C:\Windows\System32\IMM32.DLL
0x00007ff8cd230000 - 0x00007ff8cd23c000 	C:\Users\skyeh\.jdks\openjdk-19.0.2\bin\vcruntime140_1.dll
0x00007ff899870000 - 0x00007ff8998fe000 	C:\Users\skyeh\.jdks\openjdk-19.0.2\bin\msvcp140.dll
0x00007ff80ada0000 - 0x00007ff80ba60000 	C:\Users\skyeh\.jdks\openjdk-19.0.2\bin\server\jvm.dll
0x00007ff8d36d0000 - 0x00007ff8d377e000 	C:\Windows\System32\ADVAPI32.dll
0x00007ff8d3de0000 - 0x00007ff8d3e7c000 	C:\Windows\System32\sechost.dll
0x00007ff8d2100000 - 0x00007ff8d2226000 	C:\Windows\System32\RPCRT4.dll
0x00007ff8b06c0000 - 0x00007ff8b06c9000 	C:\Windows\SYSTEM32\WSOCK32.dll
0x00007ff8c4c10000 - 0x00007ff8c4c37000 	C:\Windows\SYSTEM32\WINMM.dll
0x00007ff8ca870000 - 0x00007ff8ca87a000 	C:\Windows\SYSTEM32\VERSION.dll
0x00007ff8d3d70000 - 0x00007ff8d3ddb000 	C:\Windows\System32\WS2_32.dll
0x00007ff8cf640000 - 0x00007ff8cf652000 	C:\Windows\SYSTEM32\kernel.appcore.dll
0x00007ff8b50f0000 - 0x00007ff8b50fa000 	C:\Users\skyeh\.jdks\openjdk-19.0.2\bin\jimage.dll
0x00007ff8cee40000 - 0x00007ff8cf024000 	C:\Windows\SYSTEM32\DBGHELP.DLL
0x00007ff8b0680000 - 0x00007ff8b06b4000 	C:\Windows\SYSTEM32\dbgcore.DLL
0x00007ff8d1f90000 - 0x00007ff8d2012000 	C:\Windows\System32\bcryptPrimitives.dll
0x00007ff8cd2d0000 - 0x00007ff8cd30c000 	C:\Users\skyeh\.jdks\openjdk-19.0.2\bin\jdwp.dll
0x00007ff8cd2c0000 - 0x00007ff8cd2ce000 	C:\Users\skyeh\.jdks\openjdk-19.0.2\bin\instrument.dll
0x00007ff8b0df0000 - 0x00007ff8b0e16000 	C:\Users\skyeh\.jdks\openjdk-19.0.2\bin\java.dll
0x00007ff899800000 - 0x00007ff899818000 	C:\Users\skyeh\.jdks\openjdk-19.0.2\bin\zip.dll
0x00007ff80cb90000 - 0x00007ff80cc67000 	C:\Users\skyeh\.jdks\openjdk-19.0.2\bin\jsvml.dll
0x00007ff8d2230000 - 0x00007ff8d2974000 	C:\Windows\System32\SHELL32.dll
0x00007ff8cf840000 - 0x00007ff8cffd3000 	C:\Windows\SYSTEM32\windows.storage.dll
0x00007ff8d39f0000 - 0x00007ff8d3d44000 	C:\Windows\System32\combase.dll
0x00007ff8d11e0000 - 0x00007ff8d120e000 	C:\Windows\SYSTEM32\Wldp.dll
0x00007ff8d35a0000 - 0x00007ff8d364d000 	C:\Windows\System32\SHCORE.dll
0x00007ff8d3ee0000 - 0x00007ff8d3f35000 	C:\Windows\System32\shlwapi.dll
0x00007ff8d16c0000 - 0x00007ff8d16df000 	C:\Windows\SYSTEM32\profapi.dll
0x00007ff8cd290000 - 0x00007ff8cd29c000 	C:\Users\skyeh\.jdks\openjdk-19.0.2\bin\dt_socket.dll
0x00007ff8d0be0000 - 0x00007ff8d0c1c000 	C:\Windows\SYSTEM32\IPHLPAPI.DLL
0x00007ff8d0f40000 - 0x00007ff8d0faa000 	C:\Windows\system32\mswsock.dll
0x00007ff8b15f0000 - 0x00007ff8b1603000 	C:\Users\skyeh\.jdks\openjdk-19.0.2\bin\net.dll
0x00007ff8ca010000 - 0x00007ff8ca11a000 	C:\Windows\SYSTEM32\WINHTTP.dll
0x00007ff8b1590000 - 0x00007ff8b15a6000 	C:\Users\skyeh\.jdks\openjdk-19.0.2\bin\nio.dll
0x00007ff8b1320000 - 0x00007ff8b1395000 	C:\Users\skyeh\AppData\Local\Temp\lwjglskyeh\3.3.1-build-7\lwjgl.dll
0x00007ff8cb850000 - 0x00007ff8cb8b1000 	C:\Users\skyeh\AppData\Local\Temp\lwjglskyeh\3.3.1-build-7\glfw.dll

dbghelp: loaded successfully - version: 4.0.5 - missing functions: none
symbol engine: initialized successfully - sym options: 0x614 - pdb path: .;C:\Users\skyeh\.jdks\openjdk-19.0.2\bin;C:\Windows\SYSTEM32;C:\Windows\WinSxS\amd64_microsoft.windows.common-controls_6595b64144ccf1df_6.0.19041.1110_none_60b5254171f9507e;C:\Users\skyeh\.jdks\openjdk-19.0.2\bin\server;C:\Users\skyeh\AppData\Local\Temp\lwjglskyeh\3.3.1-build-7

VM Arguments:
jvm_args: -agentlib:jdwp=transport=dt_socket,address=127.0.0.1:51195,suspend=y,server=n -javaagent:C:\Users\skyeh\AppData\Local\JetBrains\IdeaIC2022.3\captureAgent\debugger-agent.jar -Dfile.encoding=UTF-8 -Dsun.stdout.encoding=UTF-8 -Dsun.stderr.encoding=UTF-8 
java_command: ShadowPac
java_class_path (initial): D:\Unimelb 2023\Semester 1\SWEN20003\donhatanhh-project-1\target\classes;C:\Users\skyeh\.m2\repository\org\lwjgl\lwjgl\3.3.1\lwjgl-3.3.1.jar;C:\Users\skyeh\.m2\repository\org\lwjgl\lwjgl-assimp\3.3.1\lwjgl-assimp-3.3.1.jar;C:\Users\skyeh\.m2\repository\org\lwjgl\lwjgl-glfw\3.3.1\lwjgl-glfw-3.3.1.jar;C:\Users\skyeh\.m2\repository\org\lwjgl\lwjgl-openal\3.3.1\lwjgl-openal-3.3.1.jar;C:\Users\skyeh\.m2\repository\org\lwjgl\lwjgl-opengl\3.3.1\lwjgl-opengl-3.3.1.jar;C:\Users\skyeh\.m2\repository\org\lwjgl\lwjgl-stb\3.3.1\lwjgl-stb-3.3.1.jar;C:\Users\skyeh\.m2\repository\org\lwjgl\lwjgl\3.3.1\lwjgl-3.3.1-natives-windows.jar;C:\Users\skyeh\.m2\repository\org\lwjgl\lwjgl-assimp\3.3.1\lwjgl-assimp-3.3.1-natives-windows.jar;C:\Users\skyeh\.m2\repository\org\lwjgl\lwjgl-glfw\3.3.1\lwjgl-glfw-3.3.1-natives-windows.jar;C:\Users\skyeh\.m2\repository\org\lwjgl\lwjgl-openal\3.3.1\lwjgl-openal-3.3.1-natives-windows.jar;C:\Users\skyeh\.m2\repository\org\lwjgl\lwjgl-opengl\3.3.1\lwjgl-opengl-3.3.1-natives-windows.jar;C:\Users\skyeh\.m2\repository\org\lwjgl\lwjgl-stb\3.3.1\lwjgl-stb-3.3.1-natives-windows.jar;C:\Users\skyeh\.m2\repository\io\github\eleanor-em\bagel\1.9.3\bagel-1.9.3.jar;C:\Program Files\JetBrains\IntelliJ IDEA Community Edition 2022.3.3\lib\idea_rt.jar
Launcher Type: SUN_STANDARD

[Global flags]
     intx CICompilerCount                          = 12                                        {product} {ergonomic}
     uint ConcGCThreads                            = 4                                         {product} {ergonomic}
     uint G1ConcRefinementThreads                  = 15                                        {product} {ergonomic}
   size_t G1HeapRegionSize                         = 4194304                                   {product} {ergonomic}
    uintx GCDrainStackTargetSize                   = 64                                        {product} {ergonomic}
   size_t InitialHeapSize                          = 536870912                                 {product} {ergonomic}
   size_t MarkStackSize                            = 4194304                                   {product} {ergonomic}
   size_t MaxHeapSize                              = 8564768768                                {product} {ergonomic}
   size_t MaxNewSize                               = 5138022400                                {product} {ergonomic}
   size_t MinHeapDeltaBytes                        = 4194304                                   {product} {ergonomic}
   size_t MinHeapSize                              = 8388608                                   {product} {ergonomic}
    uintx NonNMethodCodeHeapSize                   = 7602480                                {pd product} {ergonomic}
    uintx NonProfiledCodeHeapSize                  = 122027880                              {pd product} {ergonomic}
    uintx ProfiledCodeHeapSize                     = 122027880                              {pd product} {ergonomic}
    uintx ReservedCodeCacheSize                    = 251658240                              {pd product} {ergonomic}
     bool SegmentedCodeCache                       = true                                      {product} {ergonomic}
   size_t SoftMaxHeapSize                          = 8564768768                             {manageable} {ergonomic}
     bool UseCompressedClassPointers               = true                           {product lp64_product} {ergonomic}
     bool UseCompressedOops                        = true                           {product lp64_product} {ergonomic}
     bool UseG1GC                                  = true                                      {product} {ergonomic}
     bool UseLargePagesIndividualAllocation        = false                                  {pd product} {ergonomic}

Logging:
Log output configuration:
 #0: stdout all=warning uptime,level,tags foldmultilines=false
 #1: stderr all=off uptime,level,tags foldmultilines=false

Environment Variables:
PATH=C:\Program Files (x86)\Razer Chroma SDK\bin;C:\Program Files\Razer Chroma SDK\bin;C:\Program Files (x86)\Razer\ChromaBroadcast\bin;C:\Program Files\Razer\ChromaBroadcast\bin;C:\Windows\system32;C:\Windows;C:\Windows\System32\Wbem;C:\Windows\System32\WindowsPowerShell\v1.0\;C:\Windows\System32\OpenSSH\;C:\Program Files\NVIDIA Corporation\NVIDIA NvDLISR;C:\Windows\system32\config\systemprofile\AppData\Local\Microsoft\WindowsApps;C:\Program Files\MATLAB\R2022a\bin;F:\Git\Git\cmd;C:\Program Files (x86)\NVIDIA Corporation\PhysX\Common;C:\Users\skyeh\AppData\Local\Microsoft\WindowsApps;C:\Users\skyeh\AppData\Local\Programs\Microsoft VS Code\bin;C:\ProgramData\skyeh\GitHubDesktop\bin;F:\heroku\bin;C:\Program Files\heroku\bin
USERNAME=skyeh
OS=Windows_NT
PROCESSOR_IDENTIFIER=Intel64 Family 6 Model 165 Stepping 5, GenuineIntel
TMP=C:\Users\skyeh\AppData\Local\Temp
TEMP=C:\Users\skyeh\AppData\Local\Temp



---------------  S Y S T E M  ---------------

OS:
 Windows 10 , 64 bit Build 19041 (10.0.19041.2788)
OS uptime: 0 days 0:29 hours

CPU: total 20 (initial active 20) (10 cores per cpu, 2 threads per core) family 6 model 165 stepping 5 microcode 0xc8, cx8, cmov, fxsr, ht, mmx, 3dnowpref, sse, sse2, sse3, ssse3, sse4.1, sse4.2, popcnt, lzcnt, tsc, tscinvbit, avx, avx2, aes, erms, clmul, bmi1, bmi2, adx, fma, vzeroupper, clflush, clflushopt, rdtscp

Memory: 4k page, system-wide physical 32665M (19944M free)
TotalPageFile size 62529M (AvailPageFile size 45702M)
current process WorkingSet (physical memory assigned to process): 46M, peak: 46M
current process commit charge ("private bytes"): 631M, peak: 631M

vm_info: OpenJDK 64-Bit Server VM (19.0.2+7-44) for windows-amd64 JRE (19.0.2+7-44), built on 2022-11-30T18:02:09Z by "mach5one" with MS VC++ 17.1 (VS2022)

END.
